mass=1.7 rpm=0.0 collective=0.300 hoverThrust=0.0 torque=0.0 liftRatio=0.000 vel=(-0.13,-0.19,-0.13) angVel=(0.90,-1.02,0.56) tailArm=5.00 antiTorque=0.0
mass=1.7 rpm=0.0 collective=0.300 hoverThrust=0.0 torque=0.0 liftRatio=0.000 vel=(-0.13,-0.19,-0.13) angVel=(0.90,-1.02,0.56) tailArm=5.00 antiTorque=0.0
mass=1.7 rpm=0.0 collective=0.300 hoverThrust=0.0 torque=0.0 liftRatio=0.000 vel=(-0.13,-0.19,-0.13) angVel=(0.90,-1.02,0.56) tailArm=5.00 antiTorque=0.0
mass=1.7 rpm=0.0 collective=0.300 hoverThrust=0.0 torque=0.0 liftRatio=0.000 vel=(-0.13,-0.19,-0.13) angVel=(0.90,-1.02,0.56) tailArm=5.00 antiTorque=0.0
mass=1.7 rpm=0.0 collective=0.300 hoverThrust=0.0 torque=0.0 liftRatio=0.000 vel=(-0.13,-0.19,-0.13) angVel=(0.90,-1.02,0.56) tailArm=5.00 antiTorque=0.0
mass=1.7 rpm=0.0 collective=0.300 hoverThrust=0.0 torque=0.0 liftRatio=0.000 vel=(-0.13,-0.19,-0.13) angVel=(0.90,-1.02,0.56) tailArm=5.00 antiTorque=0.0
mass=1.7 rpm=0.0 collective=0.300 hoverThrust=0.0 torque=0.0 liftRatio=0.000 vel=(-0.13,-0.19,-0.13) angVel=(0.90,-1.02,0.56) tailArm=5.00 antiTorque=0.0
mass=1.7 rpm=0.0 collective=0.300 hoverThrust=0.0 torque=0.0 liftRatio=0.000 vel=(-0.06,0.01,-0.02) angVel=(0.00,-0.06,-0.02) tailArm=5.00 antiTorque=0.0
mass=1.7 rpm=0.0 collective=0.300 hoverThrust=0.0 torque=0.0 liftRatio=0.000 vel=(0.58,-2.15,-0.70) angVel=(-5.72,-0.21,-3.08) tailArm=5.00 antiTorque=0.0
mass=1.7 rpm=0.0 collective=0.300 hoverThrust=0.0 torque=0.0 liftRatio=0.000 vel=(0.58,-2.15,-0.70) angVel=(-5.72,-0.21,-3.08) tailArm=5.00 antiTorque=0.0
mass=1.7 rpm=0.0 collective=0.300 hoverThrust=0.0 torque=0.0 liftRatio=0.000 vel=(0.00,0.00,0.00) angVel=(-0.02,0.00,-0.01) tailArm=5.00 antiTorque=0.0
mass=1.7 rpm=0.0 collective=0.300 hoverThrust=0.0 torque=0.0 liftRatio=0.000 vel=(0.00,0.00,0.00) angVel=(-0.02,0.00,-0.01) tailArm=5.00 antiTorque=0.0
mass=1.7 rpm=0.0 collective=0.300 hoverThrust=0.0 torque=0.0 liftRatio=0.000 vel=(0.00,0.00,0.00) angVel=(-0.02,0.00,-0.01) tailArm=5.00 antiTorque=0.0
mass=1.7 rpm=0.0 collective=0.300 hoverThrust=0.0 torque=0.0 liftRatio=0.000 vel=(0.00,0.00,0.00) angVel=(-0.02,0.00,-0.01) tailArm=5.00 antiTorque=0.0
mass=1.7 rpm=0.0 collective=0.300 hoverThrust=0.0 torque=0.0 liftRatio=0.000 vel=(0.00,0.00,0.00) angVel=(-0.02,0.00,-0.01) tailArm=5.00 antiTorque=0.0
mass=1.7 rpm=0.0 collective=0.300 hoverThrust=0.0 torque=0.0 liftRatio=0.000 vel=(0.00,0.00,0.00) angVel=(-0.02,0.00,-0.01) tailArm=5.00 antiTorque=0.0
mass=1.7 rpm=0.0 collective=0.300 hoverThrust=0.0 torque=0.0 liftRatio=0.000 vel=(-0.01,0.00,-0.01) angVel=(-0.01,-0.04,-0.02) tailArm=5.00 antiTorque=0.0
mass=1.7 rpm=0.0 collective=0.300 hoverThrust=0.0 torque=0.0 liftRatio=0.000 vel=(-0.01,0.00,-0.01) angVel=(-0.01,-0.04,-0.02) tailArm=5.00 antiTorque=0.0
mass=1.7 rpm=0.0 collective=0.300 hoverThrust=0.0 torque=0.0 liftRatio=0.000 vel=(-0.01,0.00,-0.01) angVel=(-0.01,-0.04,-0.02) tailArm=5.00 antiTorque=0.0
mass=1.7 rpm=0.0 collective=0.300 hoverThrust=0.0 torque=0.0 liftRatio=0.000 vel=(-0.01,0.00,-0.01) angVel=(-0.01,-0.04,-0.02) tailArm=5.00 antiTorque=0.0
mass=1.7 rpm=0.0 collective=0.300 hoverThrust=0.0 torque=0.0 liftRatio=0.000 vel=(-0.01,0.00,-0.01) angVel=(-0.01,-0.04,-0.02) tailArm=5.00 antiTorque=0.0
mass=1.7 rpm=0.0 collective=0.300 hoverThrust=0.0 torque=0.0 liftRatio=0.000 vel=(-0.01,0.00,-0.01) angVel=(-0.01,-0.04,-0.02) tailArm=5.00 antiTorque=0.0
mass=1.7 rpm=0.0 collective=0.300 hoverThrust=0.0 torque=0.0 liftRatio=0.000 vel=(-0.01,0.00,-0.01) angVel=(-0.01,-0.04,-0.02) tailArm=5.00 antiTorque=0.0
mass=1.7 rpm=0.0 collective=0.300 hoverThrust=0.0 torque=0.0 liftRatio=0.000 vel=(-0.01,0.00,-0.01) angVel=(-0.01,-0.04,-0.02) tailArm=5.00 antiTorque=0.0
mass=1.7 rpm=0.0 collective=0.300 hoverThrust=0.0 torque=0.0 liftRatio=0.000 vel=(-0.01,0.00,-0.01) angVel=(-0.01,-0.04,-0.02) tailArm=5.00 antiTorque=0.0
mass=1.7 rpm=0.0 collective=0.300 hoverThrust=0.0 torque=0.0 liftRatio=0.000 vel=(-0.01,0.00,-0.01) angVel=(-0.01,-0.04,-0.02) tailArm=5.00 antiTorque=0.0
mass=1.7 rpm=0.0 collective=0.300 hoverThrust=0.0 torque=0.0 liftRatio=0.000 vel=(-0.01,0.00,-0.01) angVel=(-0.01,-0.04,-0.02) tailArm=5.00 antiTorque=0.0
mass=1.7 rpm=0.0 collective=0.300 hoverThrust=0.0 torque=0.0 liftRatio=0.000 vel=(-0.01,0.00,-0.01) angVel=(-0.01,-0.04,-0.02) tailArm=5.00 antiTorque=0.0
mass=1.7 rpm=0.0 collective=0.300 hoverThrust=0.0 torque=0.0 liftRatio=0.000 vel=(-0.01,0.00,-0.01) angVel=(-0.01,-0.04,-0.02) tailArm=5.00 antiTorque=0.0
mass=1.7 rpm=0.0 collective=0.300 hoverThrust=0.0 torque=0.0 liftRatio=0.000 vel=(-0.01,0.00,-0.01) angVel=(-0.01,-0.04,-0.02) tailArm=5.00 antiTorque=0.0
mass=1.7 rpm=0.0 collective=0.300 hoverThrust=0.0 torque=0.0 liftRatio=0.000 vel=(-0.01,0.00,-0.01) angVel=(-0.01,-0.04,-0.02) tailArm=5.00 antiTorque=0.0
mass=1.7 rpm=0.0 collective=0.300 hoverThrust=0.0 torque=0.0 liftRatio=0.000 vel=(-0.01,0.00,-0.01) angVel=(-0.01,-0.04,-0.02) tailArm=5.00 antiTorque=0.0
mass=1.7 rpm=0.0 collective=0.300 hoverThrust=0.0 torque=0.0 liftRatio=0.000 vel=(-0.01,0.00,-0.01) angVel=(-0.01,-0.04,-0.02) tailArm=5.00 antiTorque=0.0
mass=1.7 rpm=0.0 collective=0.300 hoverThrust=0.0 torque=0.0 liftRatio=0.000 vel=(-0.01,0.00,-0.01) angVel=(-0.01,-0.04,-0.02) tailArm=5.00 antiTorque=0.0
mass=1.7 rpm=0.0 collective=0.300 hoverThrust=0.0 torque=0.0 liftRatio=0.000 vel=(-0.01,0.00,-0.01) angVel=(-0.01,-0.04,-0.02) tailArm=5.00 antiTorque=0.0
mass=1.7 rpm=0.0 collective=0.300 hoverThrust=0.0 torque=0.0 liftRatio=0.000 vel=(-0.01,0.00,-0.01) angVel=(-0.01,-0.04,-0.02) tailArm=5.00 antiTorque=0.0
mass=1.7 rpm=0.0 collective=0.300 hoverThrust=0.0 torque=0.0 liftRatio=0.000 vel=(-0.01,0.00,-0.01) angVel=(-0.01,-0.04,-0.02) tailArm=5.00 antiTorque=0.0
mass=1.7 rpm=0.0 collective=0.300 hoverThrust=0.0 torque=0.0 liftRatio=0.000 vel=(-0.01,0.00,-0.01) angVel=(-0.01,-0.04,-0.02) tailArm=5.00 antiTorque=0.0
mass=1.7 rpm=0.0 collective=0.300 hoverThrust=0.0 torque=0.0 liftRatio=0.000 vel=(-0.01,0.00,-0.01) angVel=(-0.01,-0.04,-0.02) tailArm=5.00 antiTorque=0.0
mass=1.7 rpm=0.0 collective=0.300 hoverThrust=0.0 torque=0.0 liftRatio=0.000 vel=(-0.01,0.00,-0.01) angVel=(-0.01,-0.04,-0.02) tailArm=5.00 antiTorque=0.0
mass=1.7 rpm=0.0 collective=0.300 hoverThrust=0.0 torque=0.0 liftRatio=0.000 vel=(-0.01,0.00,-0.01) angVel=(-0.01,-0.04,-0.02) tailArm=5.00 antiTorque=0.0
mass=1.7 rpm=0.0 collective=0.300 hoverThrust=0.0 torque=0.0 liftRatio=0.000 vel=(-0.01,0.00,-0.01) angVel=(-0.01,-0.04,-0.02) tailArm=5.00 antiTorque=0.0
mass=1.7 rpm=0.0 collective=0.300 hoverThrust=0.0 torque=0.0 liftRatio=0.000 vel=(-0.01,0.00,-0.01) angVel=(-0.01,-0.04,-0.02) tailArm=5.00 antiTorque=0.0
mass=1.7 rpm=0.0 collective=0.300 hoverThrust=0.0 torque=0.0 liftRatio=0.000 vel=(-0.01,0.00,-0.01) angVel=(-0.01,-0.04,-0.02) tailArm=5.00 antiTorque=0.0
mass=1.7 rpm=0.0 collective=0.300 hoverThrust=0.0 torque=0.0 liftRatio=0.000 vel=(-0.01,0.00,-0.01) angVel=(-0.01,-0.04,-0.02) tailArm=5.00 antiTorque=0.0
mass=1.7 rpm=0.0 collective=0.300 hoverThrust=0.0 torque=0.0 liftRatio=0.000 vel=(-0.01,0.00,-0.01) angVel=(-0.01,-0.04,-0.02) tailArm=5.00 antiTorque=0.0
mass=1.7 rpm=0.0 collective=0.300 hoverThrust=0.0 torque=0.0 liftRatio=0.000 vel=(-0.01,0.00,-0.01) angVel=(-0.01,-0.04,-0.02) tailArm=5.00 antiTorque=0.0
mass=1.7 rpm=0.0 collective=0.300 hoverThrust=0.0 torque=0.0 liftRatio=0.000 vel=(-0.01,0.00,-0.01) angVel=(-0.01,-0.04,-0.02) tailArm=5.00 antiTorque=0.0
mass=1.7 rpm=0.0 collective=0.300 hoverThrust=0.0 torque=0.0 liftRatio=0.000 vel=(0.00,0.00,0.00) angVel=(-0.01,0.00,-0.01) tailArm=5.00 antiTorque=0.0
mass=1.7 rpm=0.0 collective=0.300 hoverThrust=0.0 torque=0.0 liftRatio=0.000 vel=(0.00,0.00,0.00) angVel=(-0.01,0.00,-0.01) tailArm=5.00 antiTorque=0.0
mass=1.7 rpm=0.0 collective=0.300 hoverThrust=0.0 torque=0.0 liftRatio=0.000 vel=(0.00,0.00,0.00) angVel=(-0.01,0.00,-0.01) tailArm=5.00 antiTorque=0.0
mass=1.7 rpm=0.0 collective=0.300 hoverThrust=0.0 torque=0.0 liftRatio=0.000 vel=(0.00,0.00,0.00) angVel=(-0.01,0.00,-0.01) tailArm=5.00 antiTorque=0.0
mass=1.7 rpm=0.0 collective=0.300 hoverThrust=0.0 torque=0.0 liftRatio=0.000 vel=(0.00,0.00,-0.01) angVel=(0.00,0.00,-0.01) tailArm=5.00 antiTorque=0.0
mass=1.7 rpm=0.0 collective=0.300 hoverThrust=0.0 torque=0.0 liftRatio=0.000 vel=(0.00,0.00,-0.01) angVel=(0.00,0.00,-0.01) tailArm=5.00 antiTorque=0.0
mass=1.7 rpm=0.0 collective=0.300 hoverThrust=0.0 torque=0.0 liftRatio=0.000 vel=(0.00,0.00,-0.01) angVel=(0.00,0.00,-0.01) tailArm=5.00 antiTorque=0.0
mass=1.7 rpm=0.0 collective=0.300 hoverThrust=0.0 torque=0.0 liftRatio=0.000 vel=(0.00,0.00,-0.01) angVel=(0.00,0.00,-0.01) tailArm=5.00 antiTorque=0.0
mass=1.7 rpm=0.0 collective=0.300 hoverThrust=0.0 torque=0.0 liftRatio=0.000 vel=(0.00,0.00,-0.01) angVel=(0.00,0.00,-0.01) tailArm=5.00 antiTorque=0.0
mass=1.7 rpm=0.0 collective=0.300 hoverThrust=0.0 torque=0.0 liftRatio=0.000 vel=(0.00,0.00,-0.01) angVel=(0.00,0.00,-0.01) tailArm=5.00 antiTorque=0.0
mass=1.7 rpm=0.0 collective=0.300 hoverThrust=0.0 torque=0.0 liftRatio=0.000 vel=(0.00,0.00,-0.01) angVel=(0.00,0.00,-0.01) tailArm=5.00 antiTorque=0.0
mass=1.7 rpm=1907.2 collective=0.300 hoverThrust=159560.6 torque=8.9 liftRatio=9491.681 vel=(0.00,-0.19,0.00) angVel=(0.00,0.03,0.00) tailArm=5.00 antiTorque=1.8
mass=1.7 rpm=1907.2 collective=0.300 hoverThrust=159560.6 torque=8.9 liftRatio=9491.681 vel=(0.00,-0.19,0.00) angVel=(0.00,0.03,0.00) tailArm=5.00 antiTorque=1.8
mass=1.7 rpm=1907.2 collective=0.300 hoverThrust=159560.6 torque=8.9 liftRatio=9491.681 vel=(0.00,-0.19,0.00) angVel=(0.00,0.03,0.00) tailArm=5.00 antiTorque=1.8
mass=1.7 rpm=5343.6 collective=0.300 hoverThrust=1252543.0 torque=69.6 liftRatio=74509.250 vel=(0.00,0.00,0.00) angVel=(0.00,0.00,0.00) tailArm=5.00 antiTorque=13.9
mass=1.7 rpm=5343.6 collective=0.300 hoverThrust=1252543.0 torque=69.6 liftRatio=74509.250 vel=(0.00,0.00,0.00) angVel=(0.00,0.00,0.00) tailArm=5.00 antiTorque=13.9
mass=1.7 rpm=5343.6 collective=0.300 hoverThrust=1252543.0 torque=69.6 liftRatio=74509.250 vel=(0.00,0.00,0.00) angVel=(0.00,0.00,0.00) tailArm=5.00 antiTorque=13.9
mass=1.7 rpm=5343.6 collective=0.300 hoverThrust=1252543.0 torque=69.6 liftRatio=74509.250 vel=(0.00,0.00,0.00) angVel=(0.00,0.00,0.00) tailArm=5.00 antiTorque=13.9
mass=1.7 rpm=5343.6 collective=0.300 hoverThrust=1252543.0 torque=69.6 liftRatio=74509.250 vel=(0.00,0.00,0.00) angVel=(0.00,0.00,0.00) tailArm=5.00 antiTorque=13.9
mass=1.7 rpm=5343.6 collective=0.300 hoverThrust=1252543.0 torque=69.6 liftRatio=74509.250 vel=(0.00,0.00,0.00) angVel=(0.00,0.00,0.00) tailArm=5.00 antiTorque=13.9
mass=1.7 rpm=6038.9 collective=0.300 hoverThrust=1599670.0 torque=89.1 liftRatio=95158.550 vel=(0.00,-0.08,0.00) angVel=(0.00,0.00,0.00) tailArm=5.00 antiTorque=17.8
mass=1.7 rpm=6038.9 collective=0.300 hoverThrust=1599670.0 torque=89.1 liftRatio=95158.550 vel=(0.00,-0.08,0.00) angVel=(0.00,0.00,0.00) tailArm=5.00 antiTorque=17.8
mass=1.7 rpm=6038.9 collective=0.300 hoverThrust=1599670.0 torque=89.1 liftRatio=95158.550 vel=(0.00,-0.08,0.00) angVel=(0.00,0.00,0.00) tailArm=5.00 antiTorque=17.8
mass=1.7 rpm=6038.9 collective=0.300 hoverThrust=1599670.0 torque=89.1 liftRatio=95158.550 vel=(0.00,-0.08,0.00) angVel=(0.00,0.00,0.00) tailArm=5.00 antiTorque=17.8
mass=1.7 rpm=6038.9 collective=0.300 hoverThrust=1599670.0 torque=89.1 liftRatio=95158.590 vel=(0.00,0.00,0.00) angVel=(0.00,0.00,0.00) tailArm=5.00 antiTorque=17.8
mass=1.7 rpm=6038.9 collective=0.300 hoverThrust=1599670.0 torque=89.1 liftRatio=95158.590 vel=(0.00,0.00,0.00) angVel=(0.00,0.00,0.00) tailArm=5.00 antiTorque=17.8
mass=1.7 rpm=6038.9 collective=0.300 hoverThrust=1599670.0 torque=89.1 liftRatio=95158.590 vel=(0.00,0.00,0.00) angVel=(0.00,0.00,0.00) tailArm=5.00 antiTorque=17.8
mass=1.7 rpm=6038.9 collective=0.300 hoverThrust=1599670.0 torque=89.1 liftRatio=95158.590 vel=(0.00,0.00,0.00) angVel=(0.00,0.00,0.00) tailArm=5.00 antiTorque=17.8
mass=1.7 rpm=6038.9 collective=0.300 hoverThrust=1599670.0 torque=89.1 liftRatio=95158.590 vel=(0.00,0.00,0.00) angVel=(0.00,0.00,0.00) tailArm=5.00 antiTorque=17.8
mass=1.7 rpm=6038.9 collective=0.300 hoverThrust=1599670.0 torque=89.1 liftRatio=95158.590 vel=(0.00,0.00,0.00) angVel=(0.00,0.00,0.00) tailArm=5.00 antiTorque=17.8
mass=1.7 rpm=6038.9 collective=0.300 hoverThrust=1599670.0 torque=89.1 liftRatio=95158.590 vel=(0.00,0.00,0.00) angVel=(0.00,0.00,0.00) tailArm=5.00 antiTorque=17.8
mass=1.7 rpm=6038.9 collective=0.300 hoverThrust=1599670.0 torque=89.1 liftRatio=95158.590 vel=(0.00,0.00,0.00) angVel=(0.00,0.00,0.00) tailArm=5.00 antiTorque=17.8
mass=1.7 rpm=6038.9 collective=0.300 hoverThrust=1599670.0 torque=89.1 liftRatio=95158.590 vel=(0.00,0.00,0.00) angVel=(0.00,0.00,0.00) tailArm=5.00 antiTorque=17.8
mass=1.7 rpm=6038.9 collective=0.300 hoverThrust=1599670.0 torque=89.1 liftRatio=95158.590 vel=(0.00,0.00,0.00) angVel=(0.00,0.00,0.00) tailArm=5.00 antiTorque=17.8
mass=1.7 rpm=7744.2 collective=0.300 hoverThrust=2630675.0 torque=146.2 liftRatio=156489.300 vel=(0.00,-0.01,0.00) angVel=(0.00,0.00,0.00) tailArm=5.00 antiTorque=29.2
mass=1.7 rpm=7744.2 collective=0.300 hoverThrust=2630675.0 torque=146.2 liftRatio=156489.300 vel=(0.00,-0.01,0.00) angVel=(0.00,0.00,0.00) tailArm=5.00 antiTorque=29.2
mass=1.7 rpm=7744.2 collective=0.300 hoverThrust=2630675.0 torque=146.2 liftRatio=156489.300 vel=(0.00,-0.01,0.00) angVel=(0.00,0.00,0.00) tailArm=5.00 antiTorque=29.2
mass=1.7 rpm=7744.2 collective=0.300 hoverThrust=2630675.0 torque=146.2 liftRatio=156489.300 vel=(0.00,-0.01,0.00) angVel=(0.00,0.00,0.00) tailArm=5.00 antiTorque=29.2
mass=1.7 rpm=7913.8 collective=0.300 hoverThrust=2747193.0 torque=153.1 liftRatio=163420.500 vel=(0.02,0.00,-0.04) angVel=(0.00,0.00,0.00) tailArm=5.00 antiTorque=30.6
mass=1.7 rpm=7913.8 collective=0.300 hoverThrust=2747193.0 torque=153.1 liftRatio=163420.500 vel=(0.02,0.00,-0.04) angVel=(0.00,0.00,0.00) tailArm=5.00 antiTorque=30.6
mass=1.7 rpm=7913.8 collective=0.300 hoverThrust=2747193.0 torque=153.1 liftRatio=163420.500 vel=(0.02,0.00,-0.04) angVel=(0.00,0.00,0.00) tailArm=5.00 antiTorque=30.6
mass=1.7 rpm=7913.8 collective=0.300 hoverThrust=2747193.0 torque=153.1 liftRatio=163420.500 vel=(0.02,0.00,-0.04) angVel=(0.00,0.00,0.00) tailArm=5.00 antiTorque=30.6
mass=1.7 rpm=8180.1 collective=0.300 hoverThrust=2935158.0 torque=163.4 liftRatio=174604.300 vel=(0.08,0.19,-0.15) angVel=(0.00,0.08,0.00) tailArm=5.00 antiTorque=32.7
mass=1.7 rpm=8186.8 collective=0.300 hoverThrust=2939993.0 torque=163.5 liftRatio=174893.700 vel=(0.09,0.30,-0.18) angVel=(0.00,0.07,0.01) tailArm=5.00 antiTorque=32.7
mass=1.7 rpm=8186.8 collective=0.300 hoverThrust=2939993.0 torque=163.5 liftRatio=174893.700 vel=(0.09,0.30,-0.18) angVel=(0.00,0.07,0.01) tailArm=5.00 antiTorque=32.7
mass=1.7 rpm=8186.8 collective=0.300 hoverThrust=2939993.0 torque=163.5 liftRatio=174893.700 vel=(0.09,0.30,-0.18) angVel=(0.00,0.07,0.01) tailArm=5.00 antiTorque=32.7
mass=1.7 rpm=8186.8 collective=0.300 hoverThrust=2939993.0 torque=163.5 liftRatio=174893.700 vel=(0.09,0.30,-0.18) angVel=(0.00,0.07,0.01) tailArm=5.00 antiTorque=32.7
mass=1.7 rpm=8186.8 collective=0.300 hoverThrust=2939993.0 torque=163.5 liftRatio=174893.700 vel=(0.09,0.30,-0.18) angVel=(0.00,0.07,0.01) tailArm=5.00 antiTorque=32.7
mass=1.7 rpm=8186.8 collective=0.300 hoverThrust=2939993.0 torque=163.5 liftRatio=174893.700 vel=(0.09,0.30,-0.18) angVel=(0.00,0.07,0.01) tailArm=5.00 antiTorque=32.7
mass=1.7 rpm=8186.8 collective=0.300 hoverThrust=2939993.0 torque=163.5 liftRatio=174893.700 vel=(0.09,0.30,-0.18) angVel=(0.00,0.07,0.01) tailArm=5.00 antiTorque=32.7
mass=1.7 rpm=8186.8 collective=0.300 hoverThrust=2939993.0 torque=163.5 liftRatio=174893.700 vel=(0.09,0.30,-0.18) angVel=(0.00,0.07,0.01) tailArm=5.00 antiTorque=32.7
mass=1.7 rpm=8186.8 collective=0.300 hoverThrust=2939993.0 torque=163.5 liftRatio=174893.700 vel=(0.09,0.30,-0.18) angVel=(0.00,0.07,0.01) tailArm=5.00 antiTorque=32.7
mass=1.7 rpm=8186.8 collective=0.300 hoverThrust=2939993.0 torque=163.5 liftRatio=174893.700 vel=(0.09,0.30,-0.18) angVel=(0.00,0.07,0.01) tailArm=5.00 antiTorque=32.7
mass=1.7 rpm=8186.8 collective=0.300 hoverThrust=2939993.0 torque=163.5 liftRatio=174893.700 vel=(0.09,0.30,-0.18) angVel=(0.00,0.07,0.01) tailArm=5.00 antiTorque=32.7
mass=1.7 rpm=8186.8 collective=0.300 hoverThrust=2939993.0 torque=163.5 liftRatio=174893.700 vel=(0.09,0.30,-0.18) angVel=(0.00,0.07,0.01) tailArm=5.00 antiTorque=32.7
mass=1.7 rpm=8186.8 collective=0.300 hoverThrust=2939993.0 torque=163.5 liftRatio=174893.700 vel=(0.09,0.30,-0.18) angVel=(0.00,0.07,0.01) tailArm=5.00 antiTorque=32.7
mass=1.7 rpm=8186.8 collective=0.300 hoverThrust=2939993.0 torque=163.5 liftRatio=174893.700 vel=(0.09,0.30,-0.18) angVel=(0.00,0.07,0.01) tailArm=5.00 antiTorque=32.7
mass=1.7 rpm=8186.8 collective=0.300 hoverThrust=2939993.0 torque=163.5 liftRatio=174893.700 vel=(0.09,0.30,-0.18) angVel=(0.00,0.07,0.01) tailArm=5.00 antiTorque=32.7
mass=1.7 rpm=8186.8 collective=0.300 hoverThrust=2939993.0 torque=163.5 liftRatio=174893.700 vel=(0.09,0.30,-0.18) angVel=(0.00,0.07,0.01) tailArm=5.00 antiTorque=32.7
mass=1.7 rpm=8186.8 collective=0.300 hoverThrust=2939993.0 torque=163.5 liftRatio=174893.700 vel=(0.09,0.30,-0.18) angVel=(0.00,0.07,0.01) tailArm=5.00 antiTorque=32.7
mass=1.7 rpm=8186.8 collective=0.300 hoverThrust=2939993.0 torque=163.5 liftRatio=174893.700 vel=(0.09,0.30,-0.18) angVel=(0.00,0.07,0.01) tailArm=5.00 antiTorque=32.7
mass=0.9 rpm=8016.6 collective=0.300 hoverThrust=2819049.0 torque=319763.6 liftRatio=-160374.000 vel=(-1.05,15.33,4.45) angVel=(1.48,-6.55,-0.18) tailArm=5.00 antiTorque=63952.7
mass=0.9 rpm=8016.6 collective=0.300 hoverThrust=2819049.0 torque=319763.6 liftRatio=-160374.000 vel=(-1.05,15.33,4.45) angVel=(1.48,-6.55,-0.18) tailArm=5.00 antiTorque=63952.7
mass=0.7 rpm=3270.8 collective=0.300 hoverThrust=469259.8 torque=1541826.0 liftRatio=-25442.740 vel=(-2.10,4.98,3.72) angVel=(-0.08,-5.12,2.41) tailArm=5.00 antiTorque=308365.1
mass=0.7 rpm=3270.8 collective=0.300 hoverThrust=469259.8 torque=1541826.0 liftRatio=-25442.740 vel=(-2.10,4.98,3.72) angVel=(-0.08,-5.12,2.41) tailArm=5.00 antiTorque=308365.1
mass=0.7 rpm=2317.3 collective=0.300 hoverThrust=235554.7 torque=208238.4 liftRatio=36027.340 vel=(-1.60,-1.02,3.04) angVel=(0.11,-2.36,0.35) tailArm=5.00 antiTorque=41647.7
mass=0.7 rpm=2317.3 collective=0.300 hoverThrust=235554.7 torque=208238.4 liftRatio=36027.340 vel=(-1.60,-1.02,3.04) angVel=(0.11,-2.36,0.35) tailArm=5.00 antiTorque=41647.7
mass=0.7 rpm=2317.3 collective=0.300 hoverThrust=235554.7 torque=208238.4 liftRatio=36027.340 vel=(-1.60,-1.02,3.04) angVel=(0.11,-2.36,0.35) tailArm=5.00 antiTorque=41647.7
mass=0.7 rpm=2317.3 collective=0.300 hoverThrust=235554.7 torque=208238.4 liftRatio=36027.340 vel=(-1.60,-1.02,3.04) angVel=(0.11,-2.36,0.35) tailArm=5.00 antiTorque=41647.7
mass=0.7 rpm=1597.3 collective=0.300 hoverThrust=111912.1 torque=1580461.0 liftRatio=13978.660 vel=(-0.01,-2.15,0.38) angVel=(13.41,-1.95,3.37) tailArm=5.00 antiTorque=316092.1
mass=0.7 rpm=1597.3 collective=0.300 hoverThrust=111912.1 torque=1580461.0 liftRatio=13978.660 vel=(-0.01,-2.15,0.38) angVel=(13.41,-1.95,3.37) tailArm=5.00 antiTorque=316092.1
mass=0.7 rpm=1597.3 collective=0.300 hoverThrust=111912.1 torque=1580461.0 liftRatio=13978.660 vel=(-0.01,-2.15,0.38) angVel=(13.41,-1.95,3.37) tailArm=5.00 antiTorque=316092.1
mass=0.7 rpm=1597.3 collective=0.300 hoverThrust=111912.1 torque=1580461.0 liftRatio=13978.660 vel=(-0.01,-2.15,0.38) angVel=(13.41,-1.95,3.37) tailArm=5.00 antiTorque=316092.1
mass=0.7 rpm=1597.3 collective=0.300 hoverThrust=111912.1 torque=1580461.0 liftRatio=13978.660 vel=(-0.01,-2.15,0.38) angVel=(13.41,-1.95,3.37) tailArm=5.00 antiTorque=316092.1
mass=0.7 rpm=1597.3 collective=0.300 hoverThrust=111912.1 torque=1580461.0 liftRatio=13978.660 vel=(-0.01,-2.15,0.38) angVel=(13.41,-1.95,3.37) tailArm=5.00 antiTorque=316092.1
mass=0.7 rpm=1597.3 collective=0.300 hoverThrust=111912.1 torque=1580461.0 liftRatio=13978.660 vel=(-0.01,-2.15,0.38) angVel=(13.41,-1.95,3.37) tailArm=5.00 antiTorque=316092.1
mass=0.7 rpm=1161.5 collective=0.300 hoverThrust=59174.5 torque=4335.4 liftRatio=7406.876 vel=(0.00,0.00,0.00) angVel=(0.00,0.00,0.00) tailArm=5.00 antiTorque=867.1
mass=0.7 rpm=1158.6 collective=0.300 hoverThrust=58886.0 torque=2751.7 liftRatio=7640.528 vel=(0.03,-0.15,0.01) angVel=(0.12,0.01,-0.24) tailArm=5.00 antiTorque=550.3
mass=0.7 rpm=1158.6 collective=0.300 hoverThrust=58886.0 torque=2751.7 liftRatio=7640.528 vel=(0.03,-0.15,0.01) angVel=(0.12,0.01,-0.24) tailArm=5.00 antiTorque=550.3
mass=1.7 rpm=1089.1 collective=0.300 hoverThrust=52033.3 torque=3.8 liftRatio=3095.201 vel=(0.00,0.00,0.00) angVel=(0.00,0.00,0.00) tailArm=5.00 antiTorque=0.8
mass=1.7 rpm=313.7 collective=0.300 hoverThrust=4315.3 torque=0.2 liftRatio=256.711 vel=(0.00,-0.01,0.00) angVel=(-0.01,0.00,0.01) tailArm=5.00 antiTorque=0.0
mass=1.7 rpm=313.7 collective=0.300 hoverThrust=4315.3 torque=0.2 liftRatio=256.711 vel=(0.00,-0.01,0.00) angVel=(-0.01,0.00,0.01) tailArm=5.00 antiTorque=0.0
mass=1.7 rpm=0.0 collective=0.300 hoverThrust=0.0 torque=0.0 liftRatio=0.000 vel=(0.00,0.00,0.00) angVel=(0.00,0.00,0.00) tailArm=5.00 antiTorque=0.0
mass=1.7 rpm=0.0 collective=0.300 hoverThrust=0.0 torque=0.0 liftRatio=0.000 vel=(0.00,0.00,0.00) angVel=(0.00,0.00,0.00) tailArm=5.00 antiTorque=0.0
mass=1.7 rpm=0.0 collective=0.300 hoverThrust=0.0 torque=0.0 liftRatio=0.000 vel=(0.00,0.00,0.00) angVel=(0.00,0.00,0.00) tailArm=5.00 antiTorque=0.0
mass=1.7 rpm=0.0 collective=0.300 hoverThrust=0.0 torque=0.0 liftRatio=0.000 vel=(0.00,0.00,0.00) angVel=(0.00,0.00,0.00) tailArm=5.00 antiTorque=0.0
mass=1.7 rpm=0.0 collective=0.300 hoverThrust=0.0 torque=0.0 liftRatio=0.000 vel=(0.00,0.00,0.00) angVel=(0.00,0.00,0.00) tailArm=5.00 antiTorque=0.0
mass=1.7 rpm=0.0 collective=0.300 hoverThrust=0.0 torque=0.0 liftRatio=0.000 vel=(0.00,0.00,0.00) angVel=(0.00,0.00,0.00) tailArm=5.00 antiTorque=0.0
mass=1.7 rpm=0.0 collective=0.300 hoverThrust=0.0 torque=0.0 liftRatio=0.000 vel=(0.00,0.00,0.00) angVel=(0.00,0.00,0.00) tailArm=5.00 antiTorque=0.0
mass=1.7 rpm=0.0 collective=0.300 hoverThrust=0.0 torque=0.0 liftRatio=0.000 vel=(0.00,0.00,0.00) angVel=(0.00,0.00,0.00) tailArm=5.00 antiTorque=0.0
mass=1.7 rpm=0.0 collective=0.300 hoverThrust=0.0 torque=0.0 liftRatio=0.000 vel=(0.00,0.00,0.00) angVel=(0.00,0.00,-0.01) tailArm=5.00 antiTorque=0.0
mass=1.7 rpm=0.0 collective=0.300 hoverThrust=0.0 torque=0.0 liftRatio=0.000 vel=(0.00,0.00,0.00) angVel=(0.00,0.00,-0.01) tailArm=5.00 antiTorque=0.0
mass=1.7 rpm=0.0 collective=0.300 hoverThrust=0.0 torque=0.0 liftRatio=0.000 vel=(0.00,0.00,0.00) angVel=(0.00,0.00,-0.01) tailArm=5.00 antiTorque=0.0
mass=1.7 rpm=0.0 collective=0.300 hoverThrust=0.0 torque=0.0 liftRatio=0.000 vel=(0.00,0.00,0.00) angVel=(0.00,0.00,-0.01) tailArm=5.00 antiTorque=0.0
mass=1.7 rpm=0.0 collective=0.300 hoverThrust=0.0 torque=0.0 liftRatio=0.000 vel=(0.00,0.00,0.00) angVel=(0.00,0.00,-0.01) tailArm=5.00 antiTorque=0.0
mass=1.7 rpm=0.0 collective=0.300 hoverThrust=0.0 torque=0.0 liftRatio=0.000 vel=(0.00,0.00,0.00) angVel=(0.00,0.00,0.00) tailArm=5.00 antiTorque=0.0
mass=1.7 rpm=0.0 collective=0.300 hoverThrust=0.0 torque=0.0 liftRatio=0.000 vel=(0.00,0.00,0.00) angVel=(0.00,0.00,0.00) tailArm=5.00 antiTorque=0.0
mass=1.7 rpm=0.0 collective=0.300 hoverThrust=0.0 torque=0.0 liftRatio=0.000 vel=(0.00,0.00,0.00) angVel=(0.00,0.00,0.00) tailArm=5.00 antiTorque=0.0
mass=1.7 rpm=0.0 collective=0.300 hoverThrust=0.0 torque=0.0 liftRatio=0.000 vel=(0.00,0.00,0.00) angVel=(0.00,0.00,0.00) tailArm=5.00 antiTorque=0.0
mass=1.7 rpm=0.0 collective=0.300 hoverThrust=0.0 torque=0.0 liftRatio=0.000 vel=(0.00,0.00,0.00) angVel=(0.00,0.00,0.00) tailArm=5.00 antiTorque=0.0
mass=1.7 rpm=0.0 collective=0.300 hoverThrust=0.0 torque=0.0 liftRatio=0.000 vel=(0.00,0.00,0.00) angVel=(0.00,0.00,0.00) tailArm=5.00 antiTorque=0.0
mass=1.7 rpm=5410.9 collective=0.300 hoverThrust=1284269.0 torque=71.2 liftRatio=76396.520 vel=(0.00,-0.11,0.00) angVel=(0.00,0.03,0.00) tailArm=5.00 antiTorque=14.2
mass=1.7 rpm=5410.9 collective=0.300 hoverThrust=1284269.0 torque=71.2 liftRatio=76396.520 vel=(0.00,-0.11,0.00) angVel=(0.00,0.03,0.00) tailArm=5.00 antiTorque=14.2
mass=1.7 rpm=5410.9 collective=0.300 hoverThrust=1284269.0 torque=71.2 liftRatio=76396.520 vel=(0.00,-0.11,0.00) angVel=(0.00,0.03,0.00) tailArm=5.00 antiTorque=14.2
mass=1.7 rpm=5410.9 collective=0.300 hoverThrust=1284269.0 torque=71.2 liftRatio=76396.520 vel=(0.00,-0.11,0.00) angVel=(0.00,0.03,0.00) tailArm=5.00 antiTorque=14.2
mass=1.7 rpm=6663.3 collective=0.300 hoverThrust=1947555.0 torque=108.0 liftRatio=115853.000 vel=(0.00,0.00,0.00) angVel=(0.00,0.00,0.00) tailArm=5.00 antiTorque=21.6
mass=1.7 rpm=6663.3 collective=0.300 hoverThrust=1947555.0 torque=108.0 liftRatio=115853.000 vel=(0.00,0.00,0.00) angVel=(0.00,0.00,0.00) tailArm=5.00 antiTorque=21.6
mass=1.7 rpm=6663.3 collective=0.300 hoverThrust=1947555.0 torque=108.0 liftRatio=115853.000 vel=(0.00,0.00,0.00) angVel=(0.00,0.00,0.00) tailArm=5.00 antiTorque=21.6
mass=1.7 rpm=6663.3 collective=0.300 hoverThrust=1947555.0 torque=108.0 liftRatio=115853.000 vel=(0.00,0.00,0.00) angVel=(0.00,0.00,0.00) tailArm=5.00 antiTorque=21.6
mass=1.7 rpm=6663.3 collective=0.300 hoverThrust=1947555.0 torque=108.0 liftRatio=115853.000 vel=(0.00,0.00,0.00) angVel=(0.00,0.00,0.00) tailArm=5.00 antiTorque=21.6
mass=1.7 rpm=6663.3 collective=0.300 hoverThrust=1947555.0 torque=108.0 liftRatio=115853.000 vel=(0.00,0.00,0.00) angVel=(0.00,0.00,0.00) tailArm=5.00 antiTorque=21.6
mass=1.7 rpm=6663.3 collective=0.300 hoverThrust=1947555.0 torque=108.0 liftRatio=115853.000 vel=(0.00,0.00,0.00) angVel=(0.00,0.00,0.00) tailArm=5.00 antiTorque=21.6
mass=1.7 rpm=6663.3 collective=0.300 hoverThrust=1947555.0 torque=108.0 liftRatio=115853.000 vel=(0.00,0.00,0.00) angVel=(0.00,0.00,0.00) tailArm=5.00 antiTorque=21.6
mass=1.7 rpm=6663.3 collective=0.300 hoverThrust=1947555.0 torque=108.0 liftRatio=115853.000 vel=(0.00,0.00,0.00) angVel=(0.00,0.00,0.00) tailArm=5.00 antiTorque=21.6
mass=1.7 rpm=8467.9 collective=0.300 hoverThrust=3145337.0 torque=174.6 liftRatio=187107.300 vel=(0.08,0.43,0.04) angVel=(0.00,0.18,0.00) tailArm=5.00 antiTorque=34.9
mass=1.7 rpm=8467.9 collective=0.300 hoverThrust=3145337.0 torque=174.6 liftRatio=187107.300 vel=(0.08,0.43,0.04) angVel=(0.00,0.18,0.00) tailArm=5.00 antiTorque=34.9
mass=1.7 rpm=8467.9 collective=0.300 hoverThrust=3145337.0 torque=174.6 liftRatio=187107.300 vel=(0.08,0.43,0.04) angVel=(0.00,0.18,0.00) tailArm=5.00 antiTorque=34.9
mass=1.7 rpm=8467.9 collective=0.300 hoverThrust=3145337.0 torque=174.6 liftRatio=187107.300 vel=(0.08,0.43,0.04) angVel=(0.00,0.18,0.00) tailArm=5.00 antiTorque=34.9
mass=1.7 rpm=8467.9 collective=0.300 hoverThrust=3145337.0 torque=174.6 liftRatio=187107.300 vel=(0.08,0.43,0.04) angVel=(0.00,0.18,0.00) tailArm=5.00 antiTorque=34.9
mass=1.7 rpm=8467.9 collective=0.300 hoverThrust=3145337.0 torque=174.6 liftRatio=187107.300 vel=(0.08,0.43,0.04) angVel=(0.00,0.18,0.00) tailArm=5.00 antiTorque=34.9
mass=1.7 rpm=8467.9 collective=0.300 hoverThrust=3145337.0 torque=174.6 liftRatio=187107.300 vel=(0.08,0.43,0.04) angVel=(0.00,0.18,0.00) tailArm=5.00 antiTorque=34.9
mass=1.7 rpm=8467.9 collective=0.300 hoverThrust=3145337.0 torque=174.6 liftRatio=187107.300 vel=(0.08,0.43,0.04) angVel=(0.00,0.18,0.00) tailArm=5.00 antiTorque=34.9
mass=1.7 rpm=8467.9 collective=0.300 hoverThrust=3145337.0 torque=174.6 liftRatio=187107.300 vel=(0.08,0.43,0.04) angVel=(0.00,0.18,0.00) tailArm=5.00 antiTorque=34.9
mass=1.7 rpm=8467.9 collective=0.300 hoverThrust=3145337.0 torque=174.6 liftRatio=187107.300 vel=(0.08,0.43,0.04) angVel=(0.00,0.18,0.00) tailArm=5.00 antiTorque=34.9
mass=1.7 rpm=8467.9 collective=0.300 hoverThrust=3145337.0 torque=174.6 liftRatio=187107.300 vel=(0.08,0.43,0.04) angVel=(0.00,0.18,0.00) tailArm=5.00 antiTorque=34.9
mass=1.7 rpm=8467.9 collective=0.300 hoverThrust=3145337.0 torque=174.6 liftRatio=187107.300 vel=(0.08,0.43,0.04) angVel=(0.00,0.18,0.00) tailArm=5.00 antiTorque=34.9
mass=1.7 rpm=8467.9 collective=0.300 hoverThrust=3145337.0 torque=174.6 liftRatio=187107.300 vel=(0.08,0.43,0.04) angVel=(0.00,0.18,0.00) tailArm=5.00 antiTorque=34.9
mass=1.7 rpm=8467.9 collective=0.300 hoverThrust=3145337.0 torque=174.6 liftRatio=187107.300 vel=(0.08,0.43,0.04) angVel=(0.00,0.18,0.00) tailArm=5.00 antiTorque=34.9
mass=1.7 rpm=8467.9 collective=0.300 hoverThrust=3145337.0 torque=174.6 liftRatio=187107.300 vel=(0.08,0.43,0.04) angVel=(0.00,0.18,0.00) tailArm=5.00 antiTorque=34.9
mass=1.7 rpm=8467.9 collective=0.300 hoverThrust=3145337.0 torque=174.6 liftRatio=187107.300 vel=(0.08,0.43,0.04) angVel=(0.00,0.18,0.00) tailArm=5.00 antiTorque=34.9
mass=1.7 rpm=8467.9 collective=0.300 hoverThrust=3145337.0 torque=174.6 liftRatio=187107.300 vel=(0.08,0.43,0.04) angVel=(0.00,0.18,0.00) tailArm=5.00 antiTorque=34.9
mass=1.4 rpm=7976.3 collective=0.300 hoverThrust=2790762.0 torque=34192.8 liftRatio=-157715.500 vel=(4.84,1.81,3.41) angVel=(4.80,-0.08,-4.84) tailArm=5.00 antiTorque=6838.6
mass=1.4 rpm=7976.3 collective=0.300 hoverThrust=2790762.0 torque=34192.8 liftRatio=-157715.500 vel=(4.84,1.81,3.41) angVel=(4.80,-0.08,-4.84) tailArm=5.00 antiTorque=6838.6
mass=1.4 rpm=7976.3 collective=0.300 hoverThrust=2790762.0 torque=34192.8 liftRatio=-157715.500 vel=(4.84,1.81,3.41) angVel=(4.80,-0.08,-4.84) tailArm=5.00 antiTorque=6838.6
mass=1.4 rpm=7976.3 collective=0.300 hoverThrust=2790762.0 torque=34192.8 liftRatio=-157715.500 vel=(4.84,1.81,3.41) angVel=(4.80,-0.08,-4.84) tailArm=5.00 antiTorque=6838.6
mass=1.4 rpm=7976.3 collective=0.300 hoverThrust=2790762.0 torque=34192.8 liftRatio=-157715.500 vel=(4.84,1.81,3.41) angVel=(4.80,-0.08,-4.84) tailArm=5.00 antiTorque=6838.6
mass=1.4 rpm=7976.3 collective=0.300 hoverThrust=2790762.0 torque=34192.8 liftRatio=-157715.500 vel=(4.84,1.81,3.41) angVel=(4.80,-0.08,-4.84) tailArm=5.00 antiTorque=6838.6
mass=1.4 rpm=7976.3 collective=0.300 hoverThrust=2790762.0 torque=34192.8 liftRatio=-157715.500 vel=(4.84,1.81,3.41) angVel=(4.80,-0.08,-4.84) tailArm=5.00 antiTorque=6838.6
mass=1.4 rpm=7976.3 collective=0.300 hoverThrust=2790762.0 torque=34192.8 liftRatio=-157715.500 vel=(4.84,1.81,3.41) angVel=(4.80,-0.08,-4.84) tailArm=5.00 antiTorque=6838.6
mass=1.2 rpm=1617.3 collective=0.300 hoverThrust=114729.9 torque=7.9 liftRatio=10094.870 vel=(0.00,0.00,0.00) angVel=(0.00,0.00,0.00) tailArm=5.00 antiTorque=1.6
mass=1.2 rpm=1617.3 collective=0.300 hoverThrust=114729.9 torque=7.9 liftRatio=10094.870 vel=(0.00,0.00,0.00) angVel=(0.00,0.00,0.00) tailArm=5.00 antiTorque=1.6
mass=1.7 rpm=1405.6 collective=0.300 hoverThrust=86665.8 torque=4.8 liftRatio=5155.431 vel=(0.00,0.00,0.00) angVel=(0.00,0.00,0.00) tailArm=5.00 antiTorque=1.0
mass=1.7 rpm=1405.6 collective=0.300 hoverThrust=86665.8 torque=4.8 liftRatio=5155.431 vel=(0.00,0.00,0.00) angVel=(0.00,0.00,0.00) tailArm=5.00 antiTorque=1.0
mass=1.7 rpm=820.5 collective=0.300 hoverThrust=29530.3 torque=1.6 liftRatio=1756.920 vel=(0.24,-0.08,-0.08) angVel=(-0.90,0.26,-0.04) tailArm=5.00 antiTorque=0.3
mass=1.7 rpm=820.5 collective=0.300 hoverThrust=29530.3 torque=1.6 liftRatio=1756.920 vel=(0.24,-0.08,-0.08) angVel=(-0.90,0.26,-0.04) tailArm=5.00 antiTorque=0.3
mass=1.7 rpm=0.0 collective=0.300 hoverThrust=0.0 torque=0.0 liftRatio=0.000 vel=(0.00,0.01,0.00) angVel=(0.00,0.01,0.00) tailArm=5.00 antiTorque=0.0
mass=1.7 rpm=0.0 collective=0.300 hoverThrust=0.0 torque=0.0 liftRatio=0.000 vel=(0.00,0.01,0.00) angVel=(0.00,0.01,0.00) tailArm=5.00 antiTorque=0.0
mass=1.7 rpm=0.0 collective=0.300 hoverThrust=0.0 torque=0.0 liftRatio=0.000 vel=(0.00,0.01,0.00) angVel=(0.00,0.01,0.00) tailArm=5.00 antiTorque=0.0
mass=1.7 rpm=0.0 collective=0.300 hoverThrust=0.0 torque=0.0 liftRatio=0.000 vel=(0.00,0.01,0.00) angVel=(0.00,0.01,0.00) tailArm=5.00 antiTorque=0.0
mass=1.7 rpm=0.0 collective=0.300 hoverThrust=0.0 torque=0.0 liftRatio=0.000 vel=(0.00,0.01,0.00) angVel=(0.00,0.01,0.00) tailArm=5.00 antiTorque=0.0
mass=1.7 rpm=0.0 collective=0.300 hoverThrust=0.0 torque=0.0 liftRatio=0.000 vel=(0.00,0.01,0.00) angVel=(0.00,0.01,0.00) tailArm=5.00 antiTorque=0.0
mass=1.7 rpm=0.0 collective=0.300 hoverThrust=0.0 torque=0.0 liftRatio=0.000 vel=(0.00,0.01,0.00) angVel=(0.00,0.01,0.00) tailArm=5.00 antiTorque=0.0
mass=1.7 rpm=0.0 collective=0.300 hoverThrust=0.0 torque=0.0 liftRatio=0.000 vel=(0.00,0.01,0.00) angVel=(0.00,0.01,0.00) tailArm=5.00 antiTorque=0.0
mass=1.7 rpm=0.0 collective=0.300 hoverThrust=0.0 torque=0.0 liftRatio=0.000 vel=(0.00,0.00,0.00) angVel=(0.00,0.01,0.00) tailArm=5.00 antiTorque=0.0
mass=1.7 rpm=0.0 collective=0.300 hoverThrust=0.0 torque=0.0 liftRatio=0.000 vel=(0.00,0.00,0.00) angVel=(0.00,0.01,0.00) tailArm=5.00 antiTorque=0.0
mass=1.7 rpm=0.0 collective=0.300 hoverThrust=0.0 torque=0.0 liftRatio=0.000 vel=(0.00,0.00,0.00) angVel=(0.00,0.01,0.00) tailArm=5.00 antiTorque=0.0
mass=1.7 rpm=0.0 collective=0.300 hoverThrust=0.0 torque=0.0 liftRatio=0.000 vel=(0.00,0.00,0.00) angVel=(0.00,0.01,0.00) tailArm=5.00 antiTorque=0.0
mass=1.7 rpm=0.0 collective=0.300 hoverThrust=0.0 torque=0.0 liftRatio=0.000 vel=(0.00,0.00,0.00) angVel=(0.01,0.00,0.00) tailArm=5.00 antiTorque=0.0
mass=1.7 rpm=0.0 collective=0.300 hoverThrust=0.0 torque=0.0 liftRatio=0.000 vel=(0.00,0.00,0.00) angVel=(0.01,0.00,0.00) tailArm=5.00 antiTorque=0.0
mass=1.7 rpm=0.0 collective=0.300 hoverThrust=0.0 torque=0.0 liftRatio=0.000 vel=(0.00,0.00,0.00) angVel=(0.01,0.00,0.00) tailArm=5.00 antiTorque=0.0
mass=1.7 rpm=26.9 collective=0.300 hoverThrust=31.8 torque=0.0 liftRatio=1.892 vel=(0.00,0.00,0.00) angVel=(0.00,0.00,0.00) tailArm=5.00 antiTorque=0.0
mass=1.7 rpm=26.9 collective=0.300 hoverThrust=31.8 torque=0.0 liftRatio=1.892 vel=(0.00,0.00,0.00) angVel=(0.00,0.00,0.00) tailArm=5.00 antiTorque=0.0
mass=1.7 rpm=26.9 collective=0.300 hoverThrust=31.8 torque=0.0 liftRatio=1.892 vel=(0.00,0.00,0.00) angVel=(0.00,0.00,0.00) tailArm=5.00 antiTorque=0.0
mass=1.7 rpm=26.9 collective=0.300 hoverThrust=31.8 torque=0.0 liftRatio=1.892 vel=(0.00,0.00,0.00) angVel=(0.00,0.00,0.00) tailArm=5.00 antiTorque=0.0
mass=1.7 rpm=26.9 collective=0.300 hoverThrust=31.8 torque=0.0 liftRatio=1.892 vel=(0.00,0.00,0.00) angVel=(0.00,0.00,0.00) tailArm=5.00 antiTorque=0.0
mass=1.7 rpm=26.9 collective=0.300 hoverThrust=31.8 torque=0.0 liftRatio=1.892 vel=(0.00,0.00,0.00) angVel=(0.00,0.00,0.00) tailArm=5.00 antiTorque=0.0
mass=1.7 rpm=26.9 collective=0.300 hoverThrust=31.8 torque=0.0 liftRatio=1.892 vel=(0.00,0.00,0.00) angVel=(0.00,0.00,0.00) tailArm=5.00 antiTorque=0.0
mass=1.7 rpm=26.9 collective=0.300 hoverThrust=31.8 torque=0.0 liftRatio=1.892 vel=(0.00,0.00,0.00) angVel=(0.00,0.00,0.00) tailArm=5.00 antiTorque=0.0
mass=1.7 rpm=26.9 collective=0.300 hoverThrust=31.8 torque=0.0 liftRatio=1.892 vel=(0.00,0.00,0.00) angVel=(0.00,0.00,0.00) tailArm=5.00 antiTorque=0.0
mass=1.7 rpm=26.9 collective=0.300 hoverThrust=31.8 torque=0.0 liftRatio=1.892 vel=(0.00,0.00,0.00) angVel=(0.00,0.00,0.00) tailArm=5.00 antiTorque=0.0
mass=1.7 rpm=26.9 collective=0.300 hoverThrust=31.8 torque=0.0 liftRatio=1.892 vel=(0.00,0.00,0.00) angVel=(0.00,0.00,0.00) tailArm=5.00 antiTorque=0.0
mass=1.7 rpm=26.9 collective=0.300 hoverThrust=31.8 torque=0.0 liftRatio=1.892 vel=(0.00,0.00,0.00) angVel=(0.00,0.00,0.00) tailArm=5.00 antiTorque=0.0
mass=1.7 rpm=26.9 collective=0.300 hoverThrust=31.8 torque=0.0 liftRatio=1.892 vel=(0.00,0.00,0.00) angVel=(0.00,0.00,0.00) tailArm=5.00 antiTorque=0.0
mass=1.7 rpm=26.9 collective=0.300 hoverThrust=31.8 torque=0.0 liftRatio=1.892 vel=(0.00,0.00,0.00) angVel=(0.00,0.00,0.00) tailArm=5.00 antiTorque=0.0
mass=1.7 rpm=26.9 collective=0.300 hoverThrust=31.8 torque=0.0 liftRatio=1.892 vel=(0.00,0.00,0.00) angVel=(0.00,0.00,0.00) tailArm=5.00 antiTorque=0.0
mass=1.7 rpm=26.9 collective=0.300 hoverThrust=31.8 torque=0.0 liftRatio=1.892 vel=(0.00,0.00,0.00) angVel=(0.00,0.00,0.00) tailArm=5.00 antiTorque=0.0
mass=1.7 rpm=26.9 collective=0.300 hoverThrust=31.8 torque=0.0 liftRatio=1.892 vel=(0.00,0.00,0.00) angVel=(0.00,0.00,0.00) tailArm=5.00 antiTorque=0.0
mass=1.7 rpm=26.9 collective=0.300 hoverThrust=31.8 torque=0.0 liftRatio=1.892 vel=(0.00,0.00,0.00) angVel=(0.00,0.00,0.00) tailArm=5.00 antiTorque=0.0
mass=1.7 rpm=26.9 collective=0.300 hoverThrust=31.8 torque=0.0 liftRatio=1.892 vel=(0.00,0.00,0.00) angVel=(0.00,0.00,0.00) tailArm=5.00 antiTorque=0.0
mass=1.7 rpm=26.9 collective=0.300 hoverThrust=31.8 torque=0.0 liftRatio=1.892 vel=(0.00,0.00,0.00) angVel=(0.00,0.00,0.00) tailArm=5.00 antiTorque=0.0
mass=1.7 rpm=26.9 collective=0.300 hoverThrust=31.8 torque=0.0 liftRatio=1.892 vel=(0.00,0.00,0.00) angVel=(0.00,0.00,0.00) tailArm=5.00 antiTorque=0.0
mass=1.7 rpm=26.9 collective=0.300 hoverThrust=31.8 torque=0.0 liftRatio=1.892 vel=(0.00,0.00,0.00) angVel=(0.00,0.00,0.00) tailArm=5.00 antiTorque=0.0
mass=1.7 rpm=26.9 collective=0.300 hoverThrust=31.8 torque=0.0 liftRatio=1.892 vel=(0.00,0.00,0.00) angVel=(0.00,0.00,0.00) tailArm=5.00 antiTorque=0.0
mass=1.7 rpm=26.9 collective=0.300 hoverThrust=31.8 torque=0.0 liftRatio=1.892 vel=(0.00,0.00,0.00) angVel=(0.00,0.00,0.00) tailArm=5.00 antiTorque=0.0
mass=1.7 rpm=26.9 collective=0.300 hoverThrust=31.8 torque=0.0 liftRatio=1.892 vel=(0.00,0.00,0.00) angVel=(0.00,0.00,0.00) tailArm=5.00 antiTorque=0.0
mass=1.7 rpm=26.9 collective=0.300 hoverThrust=31.8 torque=0.0 liftRatio=1.892 vel=(0.00,0.00,0.00) angVel=(0.00,0.00,0.00) tailArm=5.00 antiTorque=0.0
mass=1.7 rpm=26.9 collective=0.300 hoverThrust=31.8 torque=0.0 liftRatio=1.892 vel=(0.00,0.00,0.00) angVel=(0.00,0.00,0.00) tailArm=5.00 antiTorque=0.0
mass=1.7 rpm=26.9 collective=0.300 hoverThrust=31.8 torque=0.0 liftRatio=1.892 vel=(0.00,0.00,0.00) angVel=(0.00,0.00,0.00) tailArm=5.00 antiTorque=0.0
mass=1.7 rpm=26.9 collective=0.300 hoverThrust=31.8 torque=0.0 liftRatio=1.892 vel=(0.00,0.00,0.00) angVel=(0.00,0.00,0.00) tailArm=5.00 antiTorque=0.0
mass=1.7 rpm=26.9 collective=0.300 hoverThrust=31.8 torque=0.0 liftRatio=1.892 vel=(0.00,0.00,0.00) angVel=(0.00,0.00,0.00) tailArm=5.00 antiTorque=0.0
mass=1.7 rpm=26.9 collective=0.300 hoverThrust=31.8 torque=0.0 liftRatio=1.892 vel=(0.00,0.00,0.00) angVel=(0.00,0.00,0.00) tailArm=5.00 antiTorque=0.0
mass=1.7 rpm=26.9 collective=0.300 hoverThrust=31.8 torque=0.0 liftRatio=1.892 vel=(0.00,0.00,0.00) angVel=(0.00,0.00,0.00) tailArm=5.00 antiTorque=0.0
mass=1.7 rpm=26.9 collective=0.300 hoverThrust=31.8 torque=0.0 liftRatio=1.892 vel=(0.00,0.00,0.00) angVel=(0.00,0.00,0.00) tailArm=5.00 antiTorque=0.0
mass=1.7 rpm=26.9 collective=0.300 hoverThrust=31.8 torque=0.0 liftRatio=1.892 vel=(0.00,0.00,0.00) angVel=(0.00,0.00,0.00) tailArm=5.00 antiTorque=0.0
mass=1.7 rpm=26.9 collective=0.300 hoverThrust=31.8 torque=0.0 liftRatio=1.892 vel=(0.00,0.00,0.00) angVel=(0.00,0.00,0.00) tailArm=5.00 antiTorque=0.0
mass=1.7 rpm=26.9 collective=0.300 hoverThrust=31.8 torque=0.0 liftRatio=1.892 vel=(0.00,0.00,0.00) angVel=(0.00,0.00,0.00) tailArm=5.00 antiTorque=0.0
mass=1.7 rpm=26.9 collective=0.300 hoverThrust=31.8 torque=0.0 liftRatio=1.892 vel=(0.00,0.00,0.00) angVel=(0.00,0.00,0.00) tailArm=5.00 antiTorque=0.0
mass=1.7 rpm=26.9 collective=0.300 hoverThrust=31.8 torque=0.0 liftRatio=1.892 vel=(0.00,0.00,0.00) angVel=(0.00,0.00,0.00) tailArm=5.00 antiTorque=0.0
mass=1.7 rpm=26.9 collective=0.300 hoverThrust=31.8 torque=0.0 liftRatio=1.892 vel=(0.00,0.00,0.00) angVel=(0.00,0.00,0.00) tailArm=5.00 antiTorque=0.0
mass=1.7 rpm=26.9 collective=0.300 hoverThrust=31.8 torque=0.0 liftRatio=1.892 vel=(0.00,0.00,0.00) angVel=(0.00,0.00,0.00) tailArm=5.00 antiTorque=0.0
mass=1.7 rpm=26.9 collective=0.300 hoverThrust=31.8 torque=0.0 liftRatio=1.892 vel=(0.00,0.00,0.00) angVel=(0.00,0.00,0.00) tailArm=5.00 antiTorque=0.0
mass=1.7 rpm=26.9 collective=0.300 hoverThrust=31.8 torque=0.0 liftRatio=1.892 vel=(0.00,0.00,0.00) angVel=(0.00,0.00,0.00) tailArm=5.00 antiTorque=0.0
mass=1.7 rpm=26.9 collective=0.300 hoverThrust=31.8 torque=0.0 liftRatio=1.892 vel=(0.00,0.00,0.00) angVel=(0.00,0.00,0.00) tailArm=5.00 antiTorque=0.0
mass=1.7 rpm=8332.3 collective=0.300 hoverThrust=3045386.0 torque=169.4 liftRatio=181160.300 vel=(-0.01,0.20,0.06) angVel=(0.00,0.14,0.00) tailArm=5.00 antiTorque=33.9
mass=1.7 rpm=8343.7 collective=0.300 hoverThrust=3053738.0 torque=169.9 liftRatio=181658.700 vel=(-0.02,0.37,0.08) angVel=(0.00,0.13,0.00) tailArm=5.00 antiTorque=34.0
mass=1.7 rpm=8343.7 collective=0.300 hoverThrust=3053738.0 torque=169.9 liftRatio=181658.700 vel=(-0.02,0.37,0.08) angVel=(0.00,0.13,0.00) tailArm=5.00 antiTorque=34.0
mass=1.7 rpm=8343.7 collective=0.300 hoverThrust=3053738.0 torque=169.9 liftRatio=181658.700 vel=(-0.02,0.37,0.08) angVel=(0.00,0.13,0.00) tailArm=5.00 antiTorque=34.0
mass=1.7 rpm=8343.7 collective=0.300 hoverThrust=3053738.0 torque=169.9 liftRatio=181658.700 vel=(-0.02,0.37,0.08) angVel=(0.00,0.13,0.00) tailArm=5.00 antiTorque=34.0
mass=1.7 rpm=8343.7 collective=0.300 hoverThrust=3053738.0 torque=169.9 liftRatio=181658.700 vel=(-0.02,0.37,0.08) angVel=(0.00,0.13,0.00) tailArm=5.00 antiTorque=34.0
mass=1.7 rpm=8343.7 collective=0.300 hoverThrust=3053738.0 torque=169.9 liftRatio=181658.700 vel=(-0.02,0.37,0.08) angVel=(0.00,0.13,0.00) tailArm=5.00 antiTorque=34.0
mass=1.7 rpm=8343.7 collective=0.300 hoverThrust=3053738.0 torque=169.9 liftRatio=181658.700 vel=(-0.02,0.37,0.08) angVel=(0.00,0.13,0.00) tailArm=5.00 antiTorque=34.0
mass=1.7 rpm=8343.7 collective=0.300 hoverThrust=3053738.0 torque=169.9 liftRatio=181658.700 vel=(-0.02,0.37,0.08) angVel=(0.00,0.13,0.00) tailArm=5.00 antiTorque=34.0
mass=1.7 rpm=8343.7 collective=0.300 hoverThrust=3053738.0 torque=169.9 liftRatio=181658.700 vel=(-0.02,0.37,0.08) angVel=(0.00,0.13,0.00) tailArm=5.00 antiTorque=34.0
mass=1.7 rpm=8343.7 collective=0.300 hoverThrust=3053738.0 torque=169.9 liftRatio=181658.700 vel=(-0.02,0.37,0.08) angVel=(0.00,0.13,0.00) tailArm=5.00 antiTorque=34.0
mass=1.7 rpm=8343.7 collective=0.300 hoverThrust=3053738.0 torque=169.9 liftRatio=181658.700 vel=(-0.02,0.37,0.08) angVel=(0.00,0.13,0.00) tailArm=5.00 antiTorque=34.0
mass=1.7 rpm=8343.7 collective=0.300 hoverThrust=3053738.0 torque=169.9 liftRatio=181658.700 vel=(-0.02,0.37,0.08) angVel=(0.00,0.13,0.00) tailArm=5.00 antiTorque=34.0
mass=1.7 rpm=8343.7 collective=0.300 hoverThrust=3053738.0 torque=169.9 liftRatio=181658.700 vel=(-0.02,0.37,0.08) angVel=(0.00,0.13,0.00) tailArm=5.00 antiTorque=34.0
mass=1.7 rpm=8343.7 collective=0.300 hoverThrust=3053738.0 torque=169.9 liftRatio=181658.700 vel=(-0.02,0.37,0.08) angVel=(0.00,0.13,0.00) tailArm=5.00 antiTorque=34.0
mass=1.7 rpm=8343.7 collective=0.300 hoverThrust=3053738.0 torque=169.9 liftRatio=181658.700 vel=(-0.02,0.37,0.08) angVel=(0.00,0.13,0.00) tailArm=5.00 antiTorque=34.0
mass=1.7 rpm=8343.7 collective=0.300 hoverThrust=3053738.0 torque=169.9 liftRatio=181658.700 vel=(-0.02,0.37,0.08) angVel=(0.00,0.13,0.00) tailArm=5.00 antiTorque=34.0
mass=1.7 rpm=8480.2 collective=0.300 hoverThrust=3154517.0 torque=283.5 liftRatio=-107976.300 vel=(1.44,2.20,-1.00) angVel=(-0.42,-10.51,5.61) tailArm=5.00 antiTorque=56.7
mass=1.7 rpm=8480.2 collective=0.300 hoverThrust=3154517.0 torque=283.5 liftRatio=-107976.300 vel=(1.44,2.20,-1.00) angVel=(-0.42,-10.51,5.61) tailArm=5.00 antiTorque=56.7
mass=1.7 rpm=8480.2 collective=0.300 hoverThrust=3154517.0 torque=283.5 liftRatio=-107976.300 vel=(1.44,2.20,-1.00) angVel=(-0.42,-10.51,5.61) tailArm=5.00 antiTorque=56.7
mass=1.7 rpm=8480.2 collective=0.300 hoverThrust=3154517.0 torque=283.5 liftRatio=-107976.300 vel=(1.44,2.20,-1.00) angVel=(-0.42,-10.51,5.61) tailArm=5.00 antiTorque=56.7
mass=1.7 rpm=8480.2 collective=0.300 hoverThrust=3154517.0 torque=283.5 liftRatio=-107976.300 vel=(1.44,2.20,-1.00) angVel=(-0.42,-10.51,5.61) tailArm=5.00 antiTorque=56.7
mass=1.7 rpm=8480.2 collective=0.300 hoverThrust=3154517.0 torque=283.5 liftRatio=-107976.300 vel=(1.44,2.20,-1.00) angVel=(-0.42,-10.51,5.61) tailArm=5.00 antiTorque=56.7
mass=1.7 rpm=8480.2 collective=0.300 hoverThrust=3154517.0 torque=283.5 liftRatio=-107976.300 vel=(1.44,2.20,-1.00) angVel=(-0.42,-10.51,5.61) tailArm=5.00 antiTorque=56.7
mass=1.7 rpm=8480.2 collective=0.300 hoverThrust=3154517.0 torque=283.5 liftRatio=-107976.300 vel=(1.44,2.20,-1.00) angVel=(-0.42,-10.51,5.61) tailArm=5.00 antiTorque=56.7
mass=1.7 rpm=8480.2 collective=0.300 hoverThrust=3154517.0 torque=283.5 liftRatio=-107976.300 vel=(1.44,2.20,-1.00) angVel=(-0.42,-10.51,5.61) tailArm=5.00 antiTorque=56.7
mass=1.7 rpm=8480.2 collective=0.300 hoverThrust=3154517.0 torque=283.5 liftRatio=-107976.300 vel=(1.44,2.20,-1.00) angVel=(-0.42,-10.51,5.61) tailArm=5.00 antiTorque=56.7
mass=1.7 rpm=8480.2 collective=0.300 hoverThrust=3154517.0 torque=283.5 liftRatio=-107976.300 vel=(1.44,2.20,-1.00) angVel=(-0.42,-10.51,5.61) tailArm=5.00 antiTorque=56.7
mass=1.7 rpm=798.0 collective=0.300 hoverThrust=27931.5 torque=1.5 liftRatio=-1661.800 vel=(0.00,0.00,0.00) angVel=(0.00,0.00,0.00) tailArm=5.00 antiTorque=0.3
mass=1.7 rpm=798.0 collective=0.300 hoverThrust=27931.5 torque=1.5 liftRatio=-1661.800 vel=(0.00,0.00,0.00) angVel=(0.00,0.00,0.00) tailArm=5.00 antiTorque=0.3
mass=1.7 rpm=798.0 collective=0.300 hoverThrust=27931.5 torque=1.5 liftRatio=-1661.800 vel=(0.00,0.00,0.00) angVel=(0.00,0.00,0.00) tailArm=5.00 antiTorque=0.3
mass=1.7 rpm=798.0 collective=0.300 hoverThrust=27931.5 torque=1.5 liftRatio=-1661.800 vel=(0.00,0.00,0.00) angVel=(0.00,0.00,0.00) tailArm=5.00 antiTorque=0.3
mass=1.7 rpm=798.0 collective=0.300 hoverThrust=27931.5 torque=1.5 liftRatio=-1661.800 vel=(0.00,0.00,0.00) angVel=(0.00,0.00,0.00) tailArm=5.00 antiTorque=0.3
mass=1.7 rpm=798.0 collective=0.300 hoverThrust=27931.5 torque=1.5 liftRatio=-1661.800 vel=(0.00,0.00,0.00) angVel=(0.00,0.00,0.00) tailArm=5.00 antiTorque=0.3
mass=1.7 rpm=798.0 collective=0.300 hoverThrust=27931.5 torque=1.5 liftRatio=-1661.800 vel=(0.00,0.00,0.00) angVel=(0.00,0.00,0.00) tailArm=5.00 antiTorque=0.3
mass=1.7 rpm=798.0 collective=0.300 hoverThrust=27931.5 torque=1.5 liftRatio=-1661.800 vel=(0.00,0.00,0.00) angVel=(0.00,0.00,0.00) tailArm=5.00 antiTorque=0.3
mass=1.7 rpm=798.0 collective=0.300 hoverThrust=27931.5 torque=1.5 liftRatio=-1661.800 vel=(0.00,0.00,0.00) angVel=(0.00,0.00,0.00) tailArm=5.00 antiTorque=0.3
mass=1.7 rpm=798.0 collective=0.300 hoverThrust=27931.5 torque=1.5 liftRatio=-1661.800 vel=(0.00,0.00,0.00) angVel=(0.00,0.00,0.00) tailArm=5.00 antiTorque=0.3
mass=1.7 rpm=798.0 collective=0.300 hoverThrust=27931.5 torque=1.5 liftRatio=-1661.800 vel=(0.00,0.00,0.00) angVel=(0.00,0.00,0.00) tailArm=5.00 antiTorque=0.3
mass=1.7 rpm=798.0 collective=0.300 hoverThrust=27931.5 torque=1.5 liftRatio=-1661.800 vel=(0.00,0.00,0.00) angVel=(0.00,0.00,0.00) tailArm=5.00 antiTorque=0.3
mass=1.7 rpm=798.0 collective=0.300 hoverThrust=27931.5 torque=1.5 liftRatio=-1661.800 vel=(0.00,0.00,0.00) angVel=(0.00,0.00,0.00) tailArm=5.00 antiTorque=0.3
mass=1.7 rpm=798.0 collective=0.300 hoverThrust=27931.5 torque=1.5 liftRatio=-1661.800 vel=(0.00,0.00,0.00) angVel=(0.00,0.00,0.00) tailArm=5.00 antiTorque=0.3
mass=1.7 rpm=798.0 collective=0.300 hoverThrust=27931.5 torque=1.5 liftRatio=-1661.800 vel=(0.00,0.00,0.00) angVel=(0.00,0.00,0.00) tailArm=5.00 antiTorque=0.3
mass=1.7 rpm=798.0 collective=0.300 hoverThrust=27931.5 torque=1.5 liftRatio=-1661.800 vel=(0.00,0.00,0.00) angVel=(0.00,0.00,0.00) tailArm=5.00 antiTorque=0.3
mass=1.7 rpm=798.0 collective=0.300 hoverThrust=27931.5 torque=1.5 liftRatio=-1661.800 vel=(0.00,0.00,0.00) angVel=(0.00,0.00,0.00) tailArm=5.00 antiTorque=0.3
